2016-11-07T02:09:35.523Z - normal: Load ~/.CocosCreator/settings.json
2016-11-07T02:09:35.529Z - normal: checking language setting...
2016-11-07T02:09:35.529Z - normal: Language: zh
2016-11-07T02:09:36.618Z - success: protocol editor-framework registered
2016-11-07T02:09:36.618Z - success: protocol app registered
2016-11-07T02:09:36.618Z - success: protocol packages registered
2016-11-07T02:09:36.618Z - success: protocol theme registered
2016-11-07T02:09:36.618Z - success: protocol unpack registerred
2016-11-07T02:09:36.851Z - normal: connected!
2016-11-07T02:09:36.857Z - normal: Check project E:\cocos\client
2016-11-07T02:09:36.862Z - normal: Initializing Cocos Creator Editor
2016-11-07T02:09:37.197Z - normal: Initializing Cocos2d
2016-11-07T02:09:37.307Z - normal: Initializing Asset Database
2016-11-07T02:09:37.322Z - success: protocol uuid registerred
2016-11-07T02:09:37.322Z - success: protocol db registerred
2016-11-07T02:09:37.322Z - success: protocol thumbnail registerred
2016-11-07T02:09:37.323Z - normal: Loading editor/builtin packages
2016-11-07T02:09:37.447Z - success: assets loaded
2016-11-07T02:09:37.449Z - success: builder loaded
2016-11-07T02:09:37.452Z - success: hierarchy loaded
2016-11-07T02:09:37.454Z - success: inspector loaded
2016-11-07T02:09:37.455Z - success: keystore loaded
2016-11-07T02:09:37.457Z - success: node-library loaded
2016-11-07T02:09:37.459Z - success: preferences loaded
2016-11-07T02:09:37.473Z - success: project-importer loaded
2016-11-07T02:09:37.474Z - success: project-settings loaded
2016-11-07T02:09:37.476Z - success: ui-kit loaded
2016-11-07T02:09:37.477Z - success: ui-grid loaded
2016-11-07T02:09:37.480Z - success: scene loaded
2016-11-07T02:09:37.481Z - success: sprite-editor loaded
2016-11-07T02:09:37.484Z - success: timeline loaded
2016-11-07T02:09:37.484Z - normal: Loading builtin packages
2016-11-07T02:09:37.486Z - success: asset-db-debugger loaded
2016-11-07T02:09:37.488Z - success: cocos-package loaded
2016-11-07T02:09:37.489Z - success: code-editor loaded
2016-11-07T02:09:37.489Z - success: color-picker loaded
2016-11-07T02:09:37.491Z - success: console loaded
2016-11-07T02:09:37.492Z - success: package-manager loaded
2016-11-07T02:09:37.494Z - success: tester loaded
2016-11-07T02:09:37.496Z - success: ui-kit-preview-extra loaded
2016-11-07T02:09:37.496Z - success: ui-kit-preview loaded
2016-11-07T02:09:37.497Z - success: ui-tree loaded
2016-11-07T02:09:37.522Z - normal: Initializing project E:\cocos\client
2016-11-07T02:09:37.525Z - normal: Loading packages
2016-11-07T02:09:37.534Z - normal: Run Application
2016-11-07T02:09:38.454Z - success: preview server running at http://localhost:7456
2016-11-07T02:09:41.876Z - normal: 1.2.1-rc.1
